<?xml version="1.0" encoding="UTF-8"?>
<!-- Generated by org.testng.reporters.JUnitReportReporter -->
<testsuite skipped="0" hostname="GGN000201150001" name="com.automation.qa.testcases.LandingPageTest" tests="3" failures="0" timestamp="2020-04-25T23:21:51 IST" time="47.017" errors="0">
  <testcase name="landingPageTitleTest" time="16.057" classname="com.automation.qa.testcases.LandingPageTest"/>
  <system-out/>
  <testcase name="siteLogoTest" time="13.390" classname="com.automation.qa.testcases.LandingPageTest"/>
  <system-out/>
  <testcase name="loginClick" time="17.570" classname="com.automation.qa.testcases.LandingPageTest"/>
  <system-out/>
</testsuite> <!-- com.automation.qa.testcases.LandingPageTest -->
