<?xml version="1.0" encoding="UTF-8"?>
<!-- Generated by org.testng.reporters.JUnitReportReporter -->
<testsuite skipped="0" hostname="GGN000201150001" name="com.automation.qa.testcases.LandingPageTest" tests="3" failures="0" timestamp="2020-04-27T14:14:44 IST" time="2.577" errors="0">
  <testcase name="landingPageTitleTest" time="0.016" classname="com.automation.qa.testcases.LandingPageTest"/>
  <system-out/>
  <testcase name="siteLogoTest" time="0.046" classname="com.automation.qa.testcases.LandingPageTest"/>
  <system-out/>
  <testcase name="loginClick" time="2.515" classname="com.automation.qa.testcases.LandingPageTest"/>
  <system-out/>
</testsuite> <!-- com.automation.qa.testcases.LandingPageTest -->
