<?xml version="1.0" encoding="UTF-8"?>
<!-- Generated by org.testng.reporters.JUnitReportReporter -->
<testsuite skipped="0" hostname="GGN000201150001" name="com.automation.qa.testcases.SignUpPageTest" tests="20" failures="0" timestamp="2020-04-26T23:40:09 IST" time="5.570" errors="0">
  <testcase name="enterNewEmailAddress" time="0.318" classname="com.automation.qa.testcases.SignUpPageTest"/>
  <system-out/>
  <testcase name="validateSignUpPageTitle" time="0.006" classname="com.automation.qa.testcases.SignUpPageTest"/>
  <system-out/>
  <testcase name="validateSignUpPageHeaderText" time="0.037" classname="com.automation.qa.testcases.SignUpPageTest"/>
  <system-out/>
  <testcase name="customertitleSelectMale" time="2.052" classname="com.automation.qa.testcases.SignUpPageTest"/>
  <system-out/>
  <testcase name="enterCustomerFirstName" time="0.026" classname="com.automation.qa.testcases.SignUpPageTest"/>
  <system-out/>
  <testcase name="enterCustomerLastName" time="0.036" classname="com.automation.qa.testcases.SignUpPageTest"/>
  <system-out/>
  <testcase name="enterCustomerPassword" time="0.028" classname="com.automation.qa.testcases.SignUpPageTest"/>
  <system-out/>
  <testcase name="enterDateOfBirth" time="0.311" classname="com.automation.qa.testcases.SignUpPageTest"/>
  <system-out/>
  <testcase name="enterMonthOfBirth" time="0.253" classname="com.automation.qa.testcases.SignUpPageTest"/>
  <system-out/>
  <testcase name="enterYearOfBirth" time="0.247" classname="com.automation.qa.testcases.SignUpPageTest"/>
  <system-out/>
  <testcase name="enterAddressLine1" time="0.027" classname="com.automation.qa.testcases.SignUpPageTest"/>
  <system-out/>
  <testcase name="enterCityName" time="0.025" classname="com.automation.qa.testcases.SignUpPageTest"/>
  <system-out/>
  <testcase name="enterStateName" time="0.263" classname="com.automation.qa.testcases.SignUpPageTest"/>
  <system-out/>
  <testcase name="selectCountryName" time="0.037" classname="com.automation.qa.testcases.SignUpPageTest"/>
  <system-out/>
  <testcase name="enterPostalCode" time="0.021" classname="com.automation.qa.testcases.SignUpPageTest"/>
  <system-out/>
  <testcase name="enterMobileNumber" time="0.032" classname="com.automation.qa.testcases.SignUpPageTest"/>
  <system-out/>
  <testcase name="addressReferenceName" time="0.031" classname="com.automation.qa.testcases.SignUpPageTest"/>
  <system-out/>
  <testcase name="clickOnRegisterButton" time="1.788" classname="com.automation.qa.testcases.SignUpPageTest"/>
  <system-out/>
  <testcase name="testTileOfMyAccountsPage" time="0.004" classname="com.automation.qa.testcases.SignUpPageTest"/>
  <system-out/>
  <testcase name="validateUserName" time="0.028" classname="com.automation.qa.testcases.SignUpPageTest"/>
  <system-out/>
</testsuite> <!-- com.automation.qa.testcases.SignUpPageTest -->
