<?xml version="1.0" encoding="UTF-8"?>
<!-- Generated by org.testng.reporters.JUnitReportReporter -->
<testsuite skipped="1" hostname="GGN000201150001" name="com.automation.qa.testcases.HomePageTest" tests="3" failures="0" timestamp="2020-05-12T14:36:59 IST" time="5.084" errors="0">
  <testcase name="validateHomePageLogo" time="0.048" classname="com.automation.qa.testcases.HomePageTest"/>
  <system-out/>
  <testcase name="validateContatNumber" time="5.036" classname="com.automation.qa.testcases.HomePageTest"/>
  <system-out/>
  <testcase name="validateBrokenLinksTest" classname="com.automation.qa.testcases.HomePageTest">
    <skipped/>
  </testcase> <!-- validateBrokenLinksTest -->
  <system-out/>
</testsuite> <!-- com.automation.qa.testcases.HomePageTest -->
