<?xml version="1.0" encoding="UTF-8"?>
<!-- Generated by org.testng.reporters.JUnitReportReporter -->
<testsuite skipped="0" hostname="GGN000201150001" name="com.automation.qa.testcases.SignUpPageTest" tests="10" failures="0" timestamp="2020-04-26T14:05:42 IST" time="2.920" errors="0">
  <testcase name="enterNewEmailAddress" time="0.323" classname="com.automation.qa.testcases.SignUpPageTest"/>
  <system-out/>
  <testcase name="validateSignUpPageTitle" time="0.008" classname="com.automation.qa.testcases.SignUpPageTest"/>
  <system-out/>
  <testcase name="validateSignUpPageHeaderText" time="0.041" classname="com.automation.qa.testcases.SignUpPageTest"/>
  <system-out/>
  <testcase name="customertitleSelectMale" time="1.593" classname="com.automation.qa.testcases.SignUpPageTest"/>
  <system-out/>
  <testcase name="enterCustomerFirstName" time="0.034" classname="com.automation.qa.testcases.SignUpPageTest"/>
  <system-out/>
  <testcase name="enterCustomerLastName" time="0.043" classname="com.automation.qa.testcases.SignUpPageTest"/>
  <system-out/>
  <testcase name="enterCustomerPassword" time="0.035" classname="com.automation.qa.testcases.SignUpPageTest"/>
  <system-out/>
  <testcase name="enterDateOfBirth" time="0.313" classname="com.automation.qa.testcases.SignUpPageTest"/>
  <system-out/>
  <testcase name="enterMonthOfBirth" time="0.266" classname="com.automation.qa.testcases.SignUpPageTest"/>
  <system-out/>
  <testcase name="enterYearOfBirth" time="0.264" classname="com.automation.qa.testcases.SignUpPageTest"/>
  <system-out/>
</testsuite> <!-- com.automation.qa.testcases.SignUpPageTest -->
