<?xml version="1.0" encoding="UTF-8"?>
<!-- Generated by org.testng.reporters.JUnitReportReporter -->
<testsuite skipped="0" hostname="GGN000201150001" name="com.automation.qa.testcases.LoginPageNegativeTest" tests="5" failures="0" timestamp="2020-05-12T14:36:59 IST" time="3.196" errors="0">
  <testcase name="validateTitle" time="0.016" classname="com.automation.qa.testcases.LoginPageNegativeTest"/>
  <system-out/>
  <testcase name="enterEmailid" time="1.381" classname="com.automation.qa.testcases.LoginPageNegativeTest"/>
  <system-out/>
  <testcase name="enterPassword" time="0.178" classname="com.automation.qa.testcases.LoginPageNegativeTest"/>
  <system-out/>
  <testcase name="clickSignButton" time="1.581" classname="com.automation.qa.testcases.LoginPageNegativeTest"/>
  <system-out/>
  <testcase name="inValidEmailTextDispalyed" time="0.040" classname="com.automation.qa.testcases.LoginPageNegativeTest"/>
  <system-out/>
</testsuite> <!-- com.automation.qa.testcases.LoginPageNegativeTest -->
