<?xml version="1.0" encoding="UTF-8"?>
<!-- Generated by org.testng.reporters.JUnitReportReporter -->
<testsuite skipped="0" hostname="GGN000201150001" name="com.automation.qa.testcases.LandingPageTest" tests="3" failures="0" timestamp="2020-06-29T23:34:14 IST" time="1.687" errors="0">
  <testcase name="landingPageTitleTest" time="0.022" classname="com.automation.qa.testcases.LandingPageTest"/>
  <system-out/>
  <testcase name="siteLogoTest" time="0.084" classname="com.automation.qa.testcases.LandingPageTest"/>
  <system-out/>
  <testcase name="loginClick" time="1.581" classname="com.automation.qa.testcases.LandingPageTest"/>
  <system-out/>
</testsuite> <!-- com.automation.qa.testcases.LandingPageTest -->
