<?xml version="1.0" encoding="UTF-8"?>
<!-- Generated by org.testng.reporters.JUnitReportReporter -->
<testsuite skipped="0" hostname="GGN000201150001" name="com.automation.qa.testcases.LoginPageNegativeTest" tests="5" failures="0" timestamp="2020-04-25T23:21:51 IST" time="1.444" errors="0">
  <testcase name="validateTitle" time="0.007" classname="com.automation.qa.testcases.LoginPageNegativeTest"/>
  <system-out/>
  <testcase name="enterEmailid" time="0.032" classname="com.automation.qa.testcases.LoginPageNegativeTest"/>
  <system-out/>
  <testcase name="enterPassword" time="0.048" classname="com.automation.qa.testcases.LoginPageNegativeTest"/>
  <system-out/>
  <testcase name="clickSignButton" time="1.274" classname="com.automation.qa.testcases.LoginPageNegativeTest"/>
  <system-out/>
  <testcase name="inValidEmailTextDispalyed" time="0.083" classname="com.automation.qa.testcases.LoginPageNegativeTest"/>
  <system-out/>
</testsuite> <!-- com.automation.qa.testcases.LoginPageNegativeTest -->
