<?xml version="1.0" encoding="UTF-8"?>
<!-- Generated by org.testng.reporters.JUnitReportReporter -->
<testsuite skipped="0" hostname="GGN000201150001" name="com.automation.qa.testcases.LandingPageTest" tests="3" failures="0" timestamp="2020-04-24T21:35:37 IST" time="2.903" errors="0">
  <testcase name="landingPageTitleTest" time="0.011" classname="com.automation.qa.testcases.LandingPageTest"/>
  <system-out/>
  <testcase name="siteLogoTest" time="0.044" classname="com.automation.qa.testcases.LandingPageTest"/>
  <system-out/>
  <testcase name="loginClick" time="2.848" classname="com.automation.qa.testcases.LandingPageTest"/>
  <system-out/>
</testsuite> <!-- com.automation.qa.testcases.LandingPageTest -->
