<?xml version="1.0" encoding="UTF-8"?>
<!-- Generated by org.testng.reporters.JUnitReportReporter -->
<testsuite skipped="1" hostname="GGN000201150001" name="com.automation.qa.testcases.HomePageTest" tests="3" failures="0" timestamp="2020-06-29T23:34:14 IST" time="5.090" errors="0">
  <testcase name="validateHomePageLogo" time="0.051" classname="com.automation.qa.testcases.HomePageTest"/>
  <system-out/>
  <testcase name="validateContatNumber" time="5.039" classname="com.automation.qa.testcases.HomePageTest"/>
  <system-out/>
  <testcase name="validateBrokenLinksTest" classname="com.automation.qa.testcases.HomePageTest">
    <skipped/>
  </testcase> <!-- validateBrokenLinksTest -->
  <system-out/>
</testsuite> <!-- com.automation.qa.testcases.HomePageTest -->
