<?xml version="1.0" encoding="UTF-8"?>
<!-- Generated by org.testng.reporters.JUnitReportReporter -->
<testsuite skipped="0" hostname="GGN000201150001" name="com.automation.qa.testcases.LoginPageTest" tests="4" failures="0" timestamp="2020-04-25T23:21:51 IST" time="2.465" errors="0">
  <testcase name="validateTitle" time="0.016" classname="com.automation.qa.testcases.LoginPageTest"/>
  <system-out/>
  <testcase name="enterEmailid" time="0.072" classname="com.automation.qa.testcases.LoginPageTest"/>
  <system-out/>
  <testcase name="enterPassword" time="0.048" classname="com.automation.qa.testcases.LoginPageTest"/>
  <system-out/>
  <testcase name="clickSignButton" time="2.329" classname="com.automation.qa.testcases.LoginPageTest"/>
  <system-out/>
</testsuite> <!-- com.automation.qa.testcases.LoginPageTest -->
