<?xml version="1.0" encoding="UTF-8"?>
<!-- Generated by org.testng.reporters.JUnitReportReporter -->
<testsuite skipped="0" hostname="GGN000201150001" name="com.automation.qa.testcases.SignUpPageTest" tests="3" failures="0" timestamp="2020-04-26T00:27:21 IST" time="0.357" errors="0">
  <testcase name="enterNewEmailAddress" time="0.316" classname="com.automation.qa.testcases.SignUpPageTest"/>
  <system-out/>
  <testcase name="validateSignUpPageTitle" time="0.006" classname="com.automation.qa.testcases.SignUpPageTest"/>
  <system-out/>
  <testcase name="validateSignUpPageHeaderText" time="0.035" classname="com.automation.qa.testcases.SignUpPageTest"/>
  <system-out/>
</testsuite> <!-- com.automation.qa.testcases.SignUpPageTest -->
