<?xml version="1.0" encoding="UTF-8"?>
<!-- Generated by org.testng.reporters.JUnitReportReporter -->
<testsuite skipped="0" hostname="GGN000201150001" name="com.automation.qa.testcases.SignUpPageTest" tests="20" failures="0" timestamp="2020-06-29T23:34:14 IST" time="7.817" errors="0">
  <testcase name="enterNewEmailAddress" time="1.417" classname="com.automation.qa.testcases.SignUpPageTest"/>
  <system-out/>
  <testcase name="validateSignUpPageTitle" time="0.008" classname="com.automation.qa.testcases.SignUpPageTest"/>
  <system-out/>
  <testcase name="validateSignUpPageHeaderText" time="0.052" classname="com.automation.qa.testcases.SignUpPageTest"/>
  <system-out/>
  <testcase name="customertitleSelectMale" time="1.641" classname="com.automation.qa.testcases.SignUpPageTest"/>
  <system-out/>
  <testcase name="enterCustomerFirstName" time="0.139" classname="com.automation.qa.testcases.SignUpPageTest"/>
  <system-out/>
  <testcase name="enterCustomerLastName" time="0.119" classname="com.automation.qa.testcases.SignUpPageTest"/>
  <system-out/>
  <testcase name="enterCustomerPassword" time="0.144" classname="com.automation.qa.testcases.SignUpPageTest"/>
  <system-out/>
  <testcase name="enterDateOfBirth" time="0.179" classname="com.automation.qa.testcases.SignUpPageTest"/>
  <system-out/>
  <testcase name="enterMonthOfBirth" time="0.107" classname="com.automation.qa.testcases.SignUpPageTest"/>
  <system-out/>
  <testcase name="enterYearOfBirth" time="0.111" classname="com.automation.qa.testcases.SignUpPageTest"/>
  <system-out/>
  <testcase name="enterAddressLine1" time="0.158" classname="com.automation.qa.testcases.SignUpPageTest"/>
  <system-out/>
  <testcase name="enterCityName" time="0.111" classname="com.automation.qa.testcases.SignUpPageTest"/>
  <system-out/>
  <testcase name="enterStateName" time="0.111" classname="com.automation.qa.testcases.SignUpPageTest"/>
  <system-out/>
  <testcase name="selectCountryName" time="0.074" classname="com.automation.qa.testcases.SignUpPageTest"/>
  <system-out/>
  <testcase name="enterPostalCode" time="0.118" classname="com.automation.qa.testcases.SignUpPageTest"/>
  <system-out/>
  <testcase name="enterMobileNumber" time="0.142" classname="com.automation.qa.testcases.SignUpPageTest"/>
  <system-out/>
  <testcase name="addressReferenceName" time="0.154" classname="com.automation.qa.testcases.SignUpPageTest"/>
  <system-out/>
  <testcase name="clickOnRegisterButton" time="2.982" classname="com.automation.qa.testcases.SignUpPageTest"/>
  <system-out/>
  <testcase name="testTileOfMyAccountsPage" time="0.008" classname="com.automation.qa.testcases.SignUpPageTest"/>
  <system-out/>
  <testcase name="validateUserName" time="0.042" classname="com.automation.qa.testcases.SignUpPageTest"/>
  <system-out/>
</testsuite> <!-- com.automation.qa.testcases.SignUpPageTest -->
