<?xml version="1.0" encoding="UTF-8"?>
<!-- Generated by org.testng.reporters.JUnitReportReporter -->
<testsuite skipped="1" hostname="GGN000201150001" name="com.automation.qa.testcases.HomePageTest" tests="3" failures="0" timestamp="2020-04-28T17:00:50 IST" time="0.098" errors="0">
  <testcase name="validateHomePageLogo" time="0.069" classname="com.automation.qa.testcases.HomePageTest"/>
  <system-out/>
  <testcase name="validateContatNumber" time="0.029" classname="com.automation.qa.testcases.HomePageTest"/>
  <system-out/>
  <testcase name="validateBrokenLinksTest" classname="com.automation.qa.testcases.HomePageTest">
    <skipped/>
  </testcase> <!-- validateBrokenLinksTest -->
  <system-out/>
</testsuite> <!-- com.automation.qa.testcases.HomePageTest -->
