<?xml version="1.0" encoding="UTF-8"?>
<!-- Generated by org.testng.reporters.JUnitReportReporter -->
<testsuite skipped="0" hostname="GGN000201150001" name="com.automation.qa.testcases.LoginPageNegativeTest" tests="5" failures="0" timestamp="2020-04-28T17:07:47 IST" time="2.247" errors="0">
  <testcase name="validateTitle" time="0.011" classname="com.automation.qa.testcases.LoginPageNegativeTest"/>
  <system-out/>
  <testcase name="enterEmailid" time="0.891" classname="com.automation.qa.testcases.LoginPageNegativeTest"/>
  <system-out/>
  <testcase name="enterPassword" time="0.131" classname="com.automation.qa.testcases.LoginPageNegativeTest"/>
  <system-out/>
  <testcase name="clickSignButton" time="1.174" classname="com.automation.qa.testcases.LoginPageNegativeTest"/>
  <system-out/>
  <testcase name="inValidEmailTextDispalyed" time="0.040" classname="com.automation.qa.testcases.LoginPageNegativeTest"/>
  <system-out/>
</testsuite> <!-- com.automation.qa.testcases.LoginPageNegativeTest -->
