<?xml version="1.0" encoding="UTF-8"?>
<!-- Generated by org.testng.reporters.JUnitReportReporter -->
<testsuite skipped="0" hostname="GGN000201150001" name="com.automation.qa.testcases.LoginPageTest" tests="4" failures="0" timestamp="2020-04-28T17:07:47 IST" time="3.576" errors="0">
  <testcase name="validateTitle" time="0.015" classname="com.automation.qa.testcases.LoginPageTest"/>
  <system-out/>
  <testcase name="enterEmailid" time="1.214" classname="com.automation.qa.testcases.LoginPageTest"/>
  <system-out/>
  <testcase name="enterPassword" time="0.116" classname="com.automation.qa.testcases.LoginPageTest"/>
  <system-out/>
  <testcase name="clickSignButton" time="2.231" classname="com.automation.qa.testcases.LoginPageTest"/>
  <system-out/>
</testsuite> <!-- com.automation.qa.testcases.LoginPageTest -->
