<?xml version="1.0" encoding="UTF-8"?>
<!-- Generated by org.testng.reporters.JUnitReportReporter -->
<testsuite skipped="0" hostname="GGN000201150001" name="com.automation.qa.testcases.LoginPageTest" tests="4" failures="0" timestamp="2020-04-27T16:06:16 IST" time="4.299" errors="0">
  <testcase name="validateTitle" time="0.014" classname="com.automation.qa.testcases.LoginPageTest"/>
  <system-out/>
  <testcase name="enterEmailid" time="1.936" classname="com.automation.qa.testcases.LoginPageTest"/>
  <system-out/>
  <testcase name="enterPassword" time="0.132" classname="com.automation.qa.testcases.LoginPageTest"/>
  <system-out/>
  <testcase name="clickSignButton" time="2.217" classname="com.automation.qa.testcases.LoginPageTest"/>
  <system-out/>
</testsuite> <!-- com.automation.qa.testcases.LoginPageTest -->
