<?xml version="1.0" encoding="UTF-8"?>
<!-- Generated by org.testng.reporters.JUnitReportReporter -->
<testsuite skipped="0" hostname="GGN000201150001" name="com.automation.qa.testcases.SignUpPageTest" tests="20" failures="0" timestamp="2020-04-27T16:06:16 IST" time="10.148" errors="0">
  <testcase name="enterNewEmailAddress" time="1.859" classname="com.automation.qa.testcases.SignUpPageTest"/>
  <system-out/>
  <testcase name="validateSignUpPageTitle" time="0.007" classname="com.automation.qa.testcases.SignUpPageTest"/>
  <system-out/>
  <testcase name="validateSignUpPageHeaderText" time="0.039" classname="com.automation.qa.testcases.SignUpPageTest"/>
  <system-out/>
  <testcase name="customertitleSelectMale" time="3.272" classname="com.automation.qa.testcases.SignUpPageTest"/>
  <system-out/>
  <testcase name="enterCustomerFirstName" time="0.154" classname="com.automation.qa.testcases.SignUpPageTest"/>
  <system-out/>
  <testcase name="enterCustomerLastName" time="0.208" classname="com.automation.qa.testcases.SignUpPageTest"/>
  <system-out/>
  <testcase name="enterCustomerPassword" time="0.284" classname="com.automation.qa.testcases.SignUpPageTest"/>
  <system-out/>
  <testcase name="enterDateOfBirth" time="0.163" classname="com.automation.qa.testcases.SignUpPageTest"/>
  <system-out/>
  <testcase name="enterMonthOfBirth" time="0.108" classname="com.automation.qa.testcases.SignUpPageTest"/>
  <system-out/>
  <testcase name="enterYearOfBirth" time="0.174" classname="com.automation.qa.testcases.SignUpPageTest"/>
  <system-out/>
  <testcase name="enterAddressLine1" time="0.277" classname="com.automation.qa.testcases.SignUpPageTest"/>
  <system-out/>
  <testcase name="enterCityName" time="0.202" classname="com.automation.qa.testcases.SignUpPageTest"/>
  <system-out/>
  <testcase name="enterStateName" time="0.139" classname="com.automation.qa.testcases.SignUpPageTest"/>
  <system-out/>
  <testcase name="selectCountryName" time="0.064" classname="com.automation.qa.testcases.SignUpPageTest"/>
  <system-out/>
  <testcase name="enterPostalCode" time="0.120" classname="com.automation.qa.testcases.SignUpPageTest"/>
  <system-out/>
  <testcase name="enterMobileNumber" time="0.134" classname="com.automation.qa.testcases.SignUpPageTest"/>
  <system-out/>
  <testcase name="addressReferenceName" time="0.129" classname="com.automation.qa.testcases.SignUpPageTest"/>
  <system-out/>
  <testcase name="clickOnRegisterButton" time="2.710" classname="com.automation.qa.testcases.SignUpPageTest"/>
  <system-out/>
  <testcase name="testTileOfMyAccountsPage" time="0.015" classname="com.automation.qa.testcases.SignUpPageTest"/>
  <system-out/>
  <testcase name="validateUserName" time="0.090" classname="com.automation.qa.testcases.SignUpPageTest"/>
  <system-out/>
</testsuite> <!-- com.automation.qa.testcases.SignUpPageTest -->
