<?xml version="1.0" encoding="UTF-8"?>
<!-- Generated by org.testng.reporters.JUnitReportReporter -->
<testsuite skipped="0" hostname="GGN000201150001" name="com.automation.qa.testcases.LoginPageTest" tests="4" failures="0" timestamp="2020-04-25T23:28:57 IST" time="1.719" errors="0">
  <testcase name="validateTitle" time="0.005" classname="com.automation.qa.testcases.LoginPageTest"/>
  <system-out/>
  <testcase name="enterEmailid" time="0.067" classname="com.automation.qa.testcases.LoginPageTest"/>
  <system-out/>
  <testcase name="enterPassword" time="0.038" classname="com.automation.qa.testcases.LoginPageTest"/>
  <system-out/>
  <testcase name="clickSignButton" time="1.609" classname="com.automation.qa.testcases.LoginPageTest"/>
  <system-out/>
</testsuite> <!-- com.automation.qa.testcases.LoginPageTest -->
